23:19:05.283 [main] DEBUG com.intuit.karate.Suite - [config] classpath:karate-config.js
23:19:06.678 [pool-2-thread-2] INFO  com.intuit.karate - karate.env system property was: null 
23:19:06.702 [pool-2-thread-3] INFO  com.intuit.karate - karate.env system property was: null 
23:19:06.705 [pool-2-thread-1] INFO  com.intuit.karate - karate.env system property was: null 
23:19:06.708 [pool-2-thread-5] INFO  com.intuit.karate - karate.env system property was: null 
23:19:06.711 [pool-2-thread-4] INFO  com.intuit.karate - karate.env system property was: null 
23:19:07.402 [pool-2-thread-2] DEBUG com.intuit.karate - request:
1 > POST https://api.demoblaze.com/signup
1 > Content-Type: application/json; charset=UTF-8
1 > Content-Length: 46
1 > Host: api.demoblaze.com
1 > Connection: Keep-Alive
1 > User-Agent: Apache-HttpClient/4.5.14 (Java/11.0.12)
1 > Accept-Encoding: gzip,deflate
{"username":"KathGreen20","password":"leader"}

23:19:07.402 [pool-2-thread-1] DEBUG com.intuit.karate - request:
1 > POST https://api.demoblaze.com/signup
1 > Content-Type: application/json; charset=UTF-8
1 > Content-Length: 48
1 > Host: api.demoblaze.com
1 > Connection: Keep-Alive
1 > User-Agent: Apache-HttpClient/4.5.14 (Java/11.0.12)
1 > Accept-Encoding: gzip,deflate
{"username":"KathGreen2027","password":"leader"}

23:19:07.402 [pool-2-thread-3] DEBUG com.intuit.karate - request:
1 > POST https://api.demoblaze.com/login
1 > Content-Type: application/json; charset=UTF-8
1 > Content-Length: 46
1 > Host: api.demoblaze.com
1 > Connection: Keep-Alive
1 > User-Agent: Apache-HttpClient/4.5.14 (Java/11.0.12)
1 > Accept-Encoding: gzip,deflate
{"username":"KathGreen20","password":"leader"}

23:19:07.402 [pool-2-thread-4] DEBUG com.intuit.karate - request:
1 > POST https://api.demoblaze.com/login
1 > Content-Type: application/json; charset=UTF-8
1 > Content-Length: 55
1 > Host: api.demoblaze.com
1 > Connection: Keep-Alive
1 > User-Agent: Apache-HttpClient/4.5.14 (Java/11.0.12)
1 > Accept-Encoding: gzip,deflate
{"username":"KathGreen20","password":"ecSvMLObZTLu2V1"}

23:19:07.402 [pool-2-thread-5] DEBUG com.intuit.karate - request:
1 > POST https://api.demoblaze.com/login
1 > Content-Type: application/json; charset=UTF-8
1 > Content-Length: 57
1 > Host: api.demoblaze.com
1 > Connection: Keep-Alive
1 > User-Agent: Apache-HttpClient/4.5.14 (Java/11.0.12)
1 > Accept-Encoding: gzip,deflate
{"username":"Randy Kuhlman","password":"BEgCJY7M_r9qUTk"}

23:19:08.344 [pool-2-thread-5] DEBUG com.intuit.karate - response time in milliseconds: 929
1 < 200
1 < Content-Type: application/json
1 < Vary: Accept-Encoding
1 < X-Cloud-Trace-Context: 39db61824ed8fa60623ae8c5b852781b
1 < Date: Mon, 16 Sep 2024 04:19:08 GMT
1 < Server: Google Frontend
1 < Cache-Control: private
1 < Transfer-Encoding: chunked
{"errorMessage":"User does not exist."}


23:19:08.344 [pool-2-thread-4] DEBUG com.intuit.karate - response time in milliseconds: 929
1 < 200
1 < Content-Type: application/json
1 < Vary: Accept-Encoding
1 < X-Cloud-Trace-Context: 2d56e61285a71a3ebfe8b1b391e6dabe
1 < Date: Mon, 16 Sep 2024 04:19:08 GMT
1 < Server: Google Frontend
1 < Cache-Control: private
1 < Transfer-Encoding: chunked
{"errorMessage":"Wrong password."}


23:19:08.350 [pool-2-thread-2] DEBUG com.intuit.karate - response time in milliseconds: 937
1 < 200
1 < Content-Type: application/json
1 < Vary: Accept-Encoding
1 < X-Cloud-Trace-Context: 777e9f19605362f74f5cd3f4940e7c23
1 < Date: Mon, 16 Sep 2024 04:19:08 GMT
1 < Server: Google Frontend
1 < Cache-Control: private
1 < Transfer-Encoding: chunked
{"errorMessage":"This user already exist."}


23:19:08.413 [pool-2-thread-3] DEBUG com.intuit.karate - response time in milliseconds: 1001
1 < 200
1 < Content-Type: application/json
1 < Vary: Accept-Encoding
1 < X-Cloud-Trace-Context: 4e0dff9e5639e0b7cff9beba33cd9e74
1 < Date: Mon, 16 Sep 2024 04:19:08 GMT
1 < Server: Google Frontend
1 < Cache-Control: private
1 < Transfer-Encoding: chunked
"Auth_token: S2F0aEdyZWVuMjAxNzI3MDYw"


23:19:08.423 [pool-2-thread-1] DEBUG com.intuit.karate - response time in milliseconds: 1010
1 < 200
1 < Content-Type: application/json
1 < X-Cloud-Trace-Context: 8a51847df37762cff7efa1da1eedb197
1 < Date: Mon, 16 Sep 2024 04:19:08 GMT
1 < Server: Google Frontend
1 < Content-Length: 3
""


23:19:09.143 [pool-3-thread-1] INFO  com.intuit.karate.Suite - <<pass>> feature 1 of 1 (0 remaining) classpath:examples/users/users.feature
